[29-Nov-2016 21:29:17 UTC] HTTP 404 (GET /fonts/glyphicons-halflings-regular.woff2)
[29-Nov-2016 21:29:17 UTC] HTTP 404 (GET /fonts/glyphicons-halflings-regular.woff)
[29-Nov-2016 21:29:18 UTC] HTTP 404 (GET /fonts/glyphicons-halflings-regular.ttf)
[29-Nov-2016 21:30:00 UTC] HTTP 404 (GET /fonts/glyphicons-halflings-regular.woff2)
[29-Nov-2016 21:30:00 UTC] HTTP 404 (GET /fonts/glyphicons-halflings-regular.woff)
[29-Nov-2016 21:30:01 UTC] HTTP 404 (GET /fonts/glyphicons-halflings-regular.ttf)
[29-Nov-2016 21:32:07 UTC] HTTP 404 (GET /fonts/glyphicons-halflings-regular.woff2)
[29-Nov-2016 21:32:08 UTC] HTTP 404 (GET /fonts/glyphicons-halflings-regular.woff)
[29-Nov-2016 21:32:09 UTC] HTTP 404 (GET /fonts/glyphicons-halflings-regular.ttf)
[29-Nov-2016 21:48:23 UTC] HTTP 404 (GET /fonts/glyphicons-halflings-regular.woff2)
[29-Nov-2016 21:48:23 UTC] HTTP 404 (GET /fonts/glyphicons-halflings-regular.woff)
[29-Nov-2016 21:48:24 UTC] HTTP 404 (GET /fonts/glyphicons-halflings-regular.ttf)
[29-Nov-2016 22:23:28 UTC] HTTP 404 (GET /css/bootstrap.min.css.map)
[29-Nov-2016 22:23:31 UTC] HTTP 404 (GET /fonts/glyphicons-halflings-regular.woff2)
[29-Nov-2016 22:23:31 UTC] HTTP 404 (GET /fonts/glyphicons-halflings-regular.woff)
[29-Nov-2016 22:23:32 UTC] HTTP 404 (GET /fonts/glyphicons-halflings-regular.ttf)
[29-Nov-2016 22:24:19 UTC] Fatal error: Call to undefined function curl_init()
[29-Nov-2016 22:25:10 UTC] HTTP 404 (GET /css/bootstrap.min.css.map)
[29-Nov-2016 22:25:13 UTC] HTTP 404 (GET /fonts/glyphicons-halflings-regular.woff2)
[29-Nov-2016 22:25:13 UTC] HTTP 404 (GET /fonts/glyphicons-halflings-regular.woff)
[29-Nov-2016 22:25:13 UTC] HTTP 404 (GET /fonts/glyphicons-halflings-regular.ttf)
[29-Nov-2016 22:27:11 UTC] HTTP 404 (GET /css/bootstrap.min.css.map)
[29-Nov-2016 22:27:14 UTC] HTTP 404 (GET /fonts/glyphicons-halflings-regular.woff2)
[29-Nov-2016 22:27:14 UTC] HTTP 404 (GET /fonts/glyphicons-halflings-regular.woff)
[29-Nov-2016 22:27:14 UTC] HTTP 404 (GET /fonts/glyphicons-halflings-regular.ttf)
[29-Nov-2016 22:29:08 UTC] HTTP 404 (GET /css/bootstrap.min.css.map)
[29-Nov-2016 22:29:11 UTC] HTTP 404 (GET /fonts/glyphicons-halflings-regular.woff2)
[29-Nov-2016 22:29:11 UTC] HTTP 404 (GET /fonts/glyphicons-halflings-regular.woff)
[29-Nov-2016 22:29:11 UTC] HTTP 404 (GET /fonts/glyphicons-halflings-regular.ttf)
[29-Nov-2016 22:29:26 UTC] HTTP 404 (GET /css/bootstrap.min.css.map)
[29-Nov-2016 22:29:28 UTC] HTTP 404 (GET /fonts/glyphicons-halflings-regular.woff2)
[29-Nov-2016 22:29:28 UTC] HTTP 404 (GET /fonts/glyphicons-halflings-regular.woff)
[29-Nov-2016 22:29:29 UTC] HTTP 404 (GET /fonts/glyphicons-halflings-regular.ttf)
[29-Nov-2016 22:30:45 UTC] HTTP 404 (GET /css/bootstrap.min.css.map)
[29-Nov-2016 22:30:48 UTC] HTTP 404 (GET /fonts/glyphicons-halflings-regular.woff2)
[29-Nov-2016 22:30:48 UTC] HTTP 404 (GET /fonts/glyphicons-halflings-regular.woff)
[29-Nov-2016 22:30:48 UTC] HTTP 404 (GET /fonts/glyphicons-halflings-regular.ttf)
