[13-Oct-2016 12:03:44 UTC] PHP Warning:  include_once(db.php): failed to open stream: No such file or directory in /home/ubuntu/workspace/views/backend/response.php on line 3
[13-Oct-2016 12:03:44 UTC] PHP Stack trace:
[13-Oct-2016 12:03:44 UTC] PHP   1. {main}() /home/ubuntu/workspace/views/backend/response.php:0
[13-Oct-2016 12:03:44 UTC] PHP Warning:  include_once(): Failed opening 'db.php' for inclusion (include_path='.:/usr/share/php:/usr/share/pear') in /home/ubuntu/workspace/views/backend/response.php on line 3
[13-Oct-2016 12:03:44 UTC] PHP Stack trace:
[13-Oct-2016 12:03:44 UTC] PHP   1. {main}() /home/ubuntu/workspace/views/backend/response.php:0
[13-Oct-2016 12:03:44 UTC] PHP Fatal error:  Call to a member function prepare() on a non-object in /home/ubuntu/workspace/views/backend/response.php on line 13
[13-Oct-2016 12:03:44 UTC] PHP Stack trace:
[13-Oct-2016 12:03:44 UTC] PHP   1. {main}() /home/ubuntu/workspace/views/backend/response.php:0
[13-Oct-2016 12:04:09 UTC] PHP Warning:  include_once(modules/../db.php): failed to open stream: No such file or directory in /home/ubuntu/workspace/views/backend/response.php on line 3
[13-Oct-2016 12:04:09 UTC] PHP Stack trace:
[13-Oct-2016 12:04:09 UTC] PHP   1. {main}() /home/ubuntu/workspace/views/backend/response.php:0
[13-Oct-2016 12:04:09 UTC] PHP Warning:  include_once(): Failed opening 'modules/../db.php' for inclusion (include_path='.:/usr/share/php:/usr/share/pear') in /home/ubuntu/workspace/views/backend/response.php on line 3
[13-Oct-2016 12:04:09 UTC] PHP Stack trace:
[13-Oct-2016 12:04:09 UTC] PHP   1. {main}() /home/ubuntu/workspace/views/backend/response.php:0
[13-Oct-2016 12:04:09 UTC] PHP Fatal error:  Call to a member function prepare() on a non-object in /home/ubuntu/workspace/views/backend/response.php on line 13
[13-Oct-2016 12:04:09 UTC] PHP Stack trace:
[13-Oct-2016 12:04:09 UTC] PHP   1. {main}() /home/ubuntu/workspace/views/backend/response.php:0
[13-Oct-2016 12:04:25 UTC] PHP Warning:  include_once(modules/..db.php): failed to open stream: No such file or directory in /home/ubuntu/workspace/views/backend/response.php on line 3
[13-Oct-2016 12:04:25 UTC] PHP Stack trace:
[13-Oct-2016 12:04:25 UTC] PHP   1. {main}() /home/ubuntu/workspace/views/backend/response.php:0
[13-Oct-2016 12:04:25 UTC] PHP Warning:  include_once(): Failed opening 'modules/..db.php' for inclusion (include_path='.:/usr/share/php:/usr/share/pear') in /home/ubuntu/workspace/views/backend/response.php on line 3
[13-Oct-2016 12:04:25 UTC] PHP Stack trace:
[13-Oct-2016 12:04:25 UTC] PHP   1. {main}() /home/ubuntu/workspace/views/backend/response.php:0
[13-Oct-2016 12:04:25 UTC] PHP Fatal error:  Call to a member function prepare() on a non-object in /home/ubuntu/workspace/views/backend/response.php on line 13
[13-Oct-2016 12:04:25 UTC] PHP Stack trace:
[13-Oct-2016 12:04:25 UTC] PHP   1. {main}() /home/ubuntu/workspace/views/backend/response.php:0
[13-Oct-2016 12:05:12 UTC] PHP Warning:  include_once(modules/../../db.php): failed to open stream: No such file or directory in /home/ubuntu/workspace/views/backend/response.php on line 3
[13-Oct-2016 12:05:12 UTC] PHP Stack trace:
[13-Oct-2016 12:05:12 UTC] PHP   1. {main}() /home/ubuntu/workspace/views/backend/response.php:0
[13-Oct-2016 12:05:12 UTC] PHP Warning:  include_once(): Failed opening 'modules/../../db.php' for inclusion (include_path='.:/usr/share/php:/usr/share/pear') in /home/ubuntu/workspace/views/backend/response.php on line 3
[13-Oct-2016 12:05:12 UTC] PHP Stack trace:
[13-Oct-2016 12:05:12 UTC] PHP   1. {main}() /home/ubuntu/workspace/views/backend/response.php:0
[13-Oct-2016 12:05:12 UTC] PHP Fatal error:  Call to a member function prepare() on a non-object in /home/ubuntu/workspace/views/backend/response.php on line 13
[13-Oct-2016 12:05:12 UTC] PHP Stack trace:
[13-Oct-2016 12:05:12 UTC] PHP   1. {main}() /home/ubuntu/workspace/views/backend/response.php:0
[13-Oct-2016 12:06:27 UTC] PHP Warning:  include_once(../..modules/db.php): failed to open stream: No such file or directory in /home/ubuntu/workspace/views/backend/response.php on line 3
[13-Oct-2016 12:06:27 UTC] PHP Stack trace:
[13-Oct-2016 12:06:27 UTC] PHP   1. {main}() /home/ubuntu/workspace/views/backend/response.php:0
[13-Oct-2016 12:06:27 UTC] PHP Warning:  include_once(): Failed opening '../..modules/db.php' for inclusion (include_path='.:/usr/share/php:/usr/share/pear') in /home/ubuntu/workspace/views/backend/response.php on line 3
[13-Oct-2016 12:06:27 UTC] PHP Stack trace:
[13-Oct-2016 12:06:27 UTC] PHP   1. {main}() /home/ubuntu/workspace/views/backend/response.php:0
[13-Oct-2016 12:06:27 UTC] PHP Fatal error:  Call to a member function prepare() on a non-object in /home/ubuntu/workspace/views/backend/response.php on line 13
[13-Oct-2016 12:06:27 UTC] PHP Stack trace:
[13-Oct-2016 12:06:27 UTC] PHP   1. {main}() /home/ubuntu/workspace/views/backend/response.php:0
[13-Oct-2016 12:06:45 UTC] PHP Fatal error:  Call to a member function prepare() on a non-object in /home/ubuntu/workspace/views/backend/response.php on line 13
[13-Oct-2016 12:06:45 UTC] PHP Stack trace:
[13-Oct-2016 12:06:45 UTC] PHP   1. {main}() /home/ubuntu/workspace/views/backend/response.php:0
[13-Oct-2016 12:58:43 UTC] PHP Fatal error:  Cannot pass parameter 2 by reference in /home/ubuntu/workspace/views/backend/response.php on line 18
[13-Oct-2016 12:58:43 UTC] PHP Stack trace:
[13-Oct-2016 12:58:43 UTC] PHP   1. {main}() /home/ubuntu/workspace/views/backend/response.php:0
[13-Oct-2016 13:12:07 UTC] PHP Fatal error:  Cannot pass parameter 2 by reference in /home/ubuntu/workspace/views/backend/response.php on line 18
[13-Oct-2016 13:12:07 UTC] PHP Stack trace:
[13-Oct-2016 13:12:07 UTC] PHP   1. {main}() /home/ubuntu/workspace/views/backend/response.php:0
[13-Oct-2016 14:34:14 UTC] PHP Fatal error:  Cannot pass parameter 2 by reference in /home/ubuntu/workspace/views/backend/response.php on line 65
[13-Oct-2016 14:34:14 UTC] PHP Stack trace:
[13-Oct-2016 14:34:14 UTC] PHP   1. {main}() /home/ubuntu/workspace/views/backend/response.php:0
[13-Oct-2016 14:34:19 UTC] PHP Fatal error:  Cannot pass parameter 2 by reference in /home/ubuntu/workspace/views/backend/response.php on line 65
[13-Oct-2016 14:34:19 UTC] PHP Stack trace:
[13-Oct-2016 14:34:19 UTC] PHP   1. {main}() /home/ubuntu/workspace/views/backend/response.php:0
[13-Oct-2016 14:44:03 UTC] PHP Fatal error:  Cannot pass parameter 2 by reference in /home/ubuntu/workspace/views/backend/response.php on line 65
[13-Oct-2016 14:44:03 UTC] PHP Stack trace:
[13-Oct-2016 14:44:03 UTC] PHP   1. {main}() /home/ubuntu/workspace/views/backend/response.php:0
[13-Oct-2016 14:44:12 UTC] PHP Fatal error:  Cannot pass parameter 2 by reference in /home/ubuntu/workspace/views/backend/response.php on line 65
[13-Oct-2016 14:44:12 UTC] PHP Stack trace:
[13-Oct-2016 14:44:12 UTC] PHP   1. {main}() /home/ubuntu/workspace/views/backend/response.php:0
[13-Oct-2016 15:34:04 UTC] PHP Warning:  Attempt to modify property of non-object in /home/ubuntu/workspace/views/backend/response.php on line 22
[13-Oct-2016 15:34:04 UTC] PHP Stack trace:
[13-Oct-2016 15:34:04 UTC] PHP   1. {main}() /home/ubuntu/workspace/views/backend/response.php:0
[13-Oct-2016 15:38:57 UTC] PHP Warning:  Attempt to modify property of non-object in /home/ubuntu/workspace/views/backend/response.php on line 22
[13-Oct-2016 15:38:57 UTC] PHP Stack trace:
[13-Oct-2016 15:38:57 UTC] PHP   1. {main}() /home/ubuntu/workspace/views/backend/response.php:0
[13-Oct-2016 16:13:42 UTC] PHP Warning:  Illegal string offset 'username' in /home/ubuntu/workspace/views/backend/response.php on line 22
[13-Oct-2016 16:13:42 UTC] PHP Stack trace:
[13-Oct-2016 16:13:42 UTC] PHP   1. {main}() /home/ubuntu/workspace/views/backend/response.php:0
[13-Oct-2016 16:13:42 UTC] PHP Fatal error:  Only variables can be passed by reference in /home/ubuntu/workspace/views/backend/response.php on line 22
[13-Oct-2016 16:13:42 UTC] PHP Stack trace:
[13-Oct-2016 16:13:42 UTC] PHP   1. {main}() /home/ubuntu/workspace/views/backend/response.php:0
[13-Oct-2016 16:14:55 UTC] PHP Warning:  Attempt to modify property of non-object in /home/ubuntu/workspace/views/backend/response.php on line 22
[13-Oct-2016 16:14:55 UTC] PHP Stack trace:
[13-Oct-2016 16:14:55 UTC] PHP   1. {main}() /home/ubuntu/workspace/views/backend/response.php:0
[13-Oct-2016 16:15:56 UTC] PHP Fatal error:  Only variables can be passed by reference in /home/ubuntu/workspace/views/backend/response.php on line 22
[13-Oct-2016 16:15:56 UTC] PHP Stack trace:
[13-Oct-2016 16:15:56 UTC] PHP   1. {main}() /home/ubuntu/workspace/views/backend/response.php:0
[13-Oct-2016 16:18:49 UTC] PHP Fatal error:  Call to undefined function getArray() in /home/ubuntu/workspace/views/backend/response.php on line 20
[13-Oct-2016 16:18:49 UTC] PHP Stack trace:
[13-Oct-2016 16:18:49 UTC] PHP   1. {main}() /home/ubuntu/workspace/views/backend/response.php:0
[13-Oct-2016 16:21:46 UTC] PHP Parse error:  syntax error, unexpected '}', expecting ',' or ';' in /home/ubuntu/workspace/views/backend/response.php on line 26
